This file contains any messages produced by compilers while
running configure, to aid debugging if configure makes a mistake.

It was created by gprofng configure 2.42, which was
generated by GNU Autoconf 2.69.  Invocation command line was

  $ ../../../binutils-2.42/gprofng/libcollector/configure --disable-option-checking --prefix=/home/j/Dokumente/GitHub/FreetimeOS/lfs/tools --with-gnu-as --with-gnu-ld --disable-nls --disable-werror --program-transform-name=s&^&x86_64-lfs-linux-gnu-& --build=x86_64-pc-linux-gnu --host=x86_64-pc-linux-gnu --target=x86_64-lfs-linux-gnu build_alias=x86_64-pc-linux-gnu host_alias=x86_64-pc-linux-gnu target_alias=x86_64-lfs-linux-gnu CC=gcc CFLAGS=-g -O2     LDFLAGS=  CXX=g++ CXXFLAGS=-g -O2     --cache-file=.././config.cache --srcdir=../../../binutils-2.42/gprofng/libcollector

## --------- ##
## Platform. ##
## --------- ##

hostname = jamie-hp-elitebook-2570p
uname -m = x86_64
uname -r = 6.8.0-79-generic
uname -s = Linux
uname -v = #79-Ubuntu SMP PREEMPT_DYNAMIC Tue Aug 12 14:42:46 UTC 2025

/usr/bin/uname -p = x86_64
/bin/uname -X     = unknown

/bin/arch              = x86_64
/usr/bin/arch -k       = unknown
/usr/convex/getsysinfo = unknown
/usr/bin/hostinfo      = unknown
/bin/machine           = unknown
/usr/bin/oslevel       = unknown
/bin/universe          = unknown

PATH: /usr/local/sbin
PATH: /usr/local/bin
PATH: /usr/sbin
PATH: /usr/bin
PATH: /sbin
PATH: /bin
PATH: /usr/games
PATH: /usr/local/games
PATH: /snap/bin
PATH: /snap/bin


## ----------- ##
## Core tests. ##
## ----------- ##

configure:2260: loading cache .././config.cache
configure:2378: checking build system type
configure:2392: result: x86_64-pc-linux-gnu
configure:2412: checking host system type
configure:2425: result: x86_64-pc-linux-gnu
configure:2445: checking target system type
configure:2458: result: x86_64-lfs-linux-gnu
configure:2500: checking for a BSD-compatible install
configure:2568: result: /usr/bin/install -c
configure:2579: checking whether build environment is sane
configure:2634: result: yes
configure:2785: checking for a thread-safe mkdir -p
configure:2824: result: /usr/bin/mkdir -p
configure:2831: checking for gawk
configure:2858: result: gawk
configure:2869: checking whether make sets $(MAKE)
configure:2891: result: yes
configure:2920: checking whether make supports nested variables
configure:2937: result: yes
configure:3064: checking whether to enable maintainer-specific portions of Makefiles
configure:3073: result: no
configure:3101: checking for style of include used by make
configure:3129: result: GNU
configure:3160: checking for x86_64-pc-linux-gnu-gcc
configure:3187: result: gcc
configure:3456: checking for C compiler version
configure:3465: gcc --version >&5
gcc (Ubuntu 13.3.0-6ubuntu2~24.04) 13.3.0
Copyright (C) 2023 Free Software Foundation, Inc.
This is free software; see the source for copying conditions.  There is NO
warranty; not even for MERCHANTABILITY or FITNESS FOR A PARTICULAR PURPOSE.

configure:3476: $? = 0
configure:3465: gcc -v >&5
Using built-in specs.
COLLECT_GCC=gcc
COLLECT_LTO_WRAPPER=/usr/libexec/gcc/x86_64-linux-gnu/13/lto-wrapper
OFFLOAD_TARGET_NAMES=nvptx-none:amdgcn-amdhsa
OFFLOAD_TARGET_DEFAULT=1
Target: x86_64-linux-gnu
Configured with: ../src/configure -v --with-pkgversion='Ubuntu 13.3.0-6ubuntu2~24.04' --with-bugurl=file:///usr/share/doc/gcc-13/README.Bugs --enable-languages=c,ada,c++,go,d,fortran,objc,obj-c++,m2 --prefix=/usr --with-gcc-major-version-only --program-suffix=-13 --program-prefix=x86_64-linux-gnu- --enable-shared --enable-linker-build-id --libexecdir=/usr/libexec --without-included-gettext --enable-threads=posix --libdir=/usr/lib --enable-nls --enable-bootstrap --enable-clocale=gnu --enable-libstdcxx-debug --enable-libstdcxx-time=yes --with-default-libstdcxx-abi=new --enable-libstdcxx-backtrace --enable-gnu-unique-object --disable-vtable-verify --enable-plugin --enable-default-pie --with-system-zlib --enable-libphobos-checking=release --with-target-system-zlib=auto --enable-objc-gc=auto --enable-multiarch --disable-werror --enable-cet --with-arch-32=i686 --with-abi=m64 --with-multilib-list=m32,m64,mx32 --enable-multilib --with-tune=generic --enable-offload-targets=nvptx-none=/build/gcc-13-fG75Ri/gcc-13-13.3.0/debian/tmp-nvptx/usr,amdgcn-amdhsa=/build/gcc-13-fG75Ri/gcc-13-13.3.0/debian/tmp-gcn/usr --enable-offload-defaulted --without-cuda-driver --enable-checking=release --build=x86_64-linux-gnu --host=x86_64-linux-gnu --target=x86_64-linux-gnu --with-build-config=bootstrap-lto-lean --enable-link-serialization=2
Thread model: posix
Supported LTO compression algorithms: zlib zstd
gcc version 13.3.0 (Ubuntu 13.3.0-6ubuntu2~24.04) 
... rest of stderr output deleted ...
configure:3476: $? = 0
configure:3465: gcc -V >&5
gcc: error: unrecognized command-line option '-V'
gcc: fatal error: no input files
compilation terminated.
configure:3476: $? = 1
configure:3465: gcc -qversion >&5
gcc: error: unrecognized command-line option '-qversion'; did you mean '--version'?
gcc: fatal error: no input files
compilation terminated.
configure:3476: $? = 1
configure:3496: checking whether the C compiler works
configure:3518: gcc -g -O2        conftest.c  >&5
configure:3522: $? = 0
configure:3570: result: yes
configure:3573: checking for C compiler default output file name
configure:3575: result: a.out
configure:3581: checking for suffix of executables
configure:3588: gcc -o conftest -g -O2        conftest.c  >&5
configure:3592: $? = 0
configure:3614: result: 
configure:3636: checking whether we are cross compiling
configure:3644: gcc -o conftest -g -O2        conftest.c  >&5
configure:3648: $? = 0
configure:3655: ./conftest
configure:3659: $? = 0
configure:3674: result: no
configure:3679: checking for suffix of object files
configure:3726: result: o
configure:3730: checking whether we are using the GNU C compiler
configure:3758: result: yes
configure:3767: checking whether gcc accepts -g
configure:3828: result: yes
configure:3845: checking for gcc option to accept ISO C89
configure:3921: result: none needed
configure:3946: checking whether gcc understands -c and -o together
configure:3983: result: yes
configure:4002: checking dependency style of gcc
configure:4113: result: gcc3
configure:4134: checking how to run the C preprocessor
configure:4204: result: gcc -E
configure:4224: gcc -E  conftest.c
configure:4224: $? = 0
configure:4238: gcc -E  conftest.c
conftest.c:11:10: fatal error: ac_nonexistent.h: No such file or directory
   11 | #include <ac_nonexistent.h>
      |          ^~~~~~~~~~~~~~~~~~
compilation terminated.
configure:4238: $? = 1
configure: failed program was:
| /* confdefs.h */
| #define PACKAGE_NAME "gprofng"
| #define PACKAGE_TARNAME "gprofng"
| #define PACKAGE_VERSION "2.42"
| #define PACKAGE_STRING "gprofng 2.42"
| #define PACKAGE_BUGREPORT ""
| #define PACKAGE_URL ""
| #define PACKAGE "gprofng"
| #define VERSION "2.42"
| /* end confdefs.h.  */
| #include <ac_nonexistent.h>
configure:4267: checking for grep that handles long lines and -e
configure:4325: result: /usr/bin/grep
configure:4330: checking for egrep
configure:4392: result: /usr/bin/grep -E
configure:4397: checking for ANSI C header files
configure:4501: result: yes
configure:4514: checking for sys/types.h
configure:4514: result: yes
configure:4514: checking for sys/stat.h
configure:4514: result: yes
configure:4514: checking for stdlib.h
configure:4514: result: yes
configure:4514: checking for string.h
configure:4514: result: yes
configure:4514: checking for memory.h
configure:4514: result: yes
configure:4514: checking for strings.h
configure:4514: result: yes
configure:4514: checking for inttypes.h
configure:4514: result: yes
configure:4514: checking for stdint.h
configure:4514: result: yes
configure:4514: checking for unistd.h
configure:4514: result: yes
configure:4527: checking for minix/config.h
configure:4527: result: no
configure:4548: checking whether it is safe to define __EXTENSIONS__
configure:4573: result: yes
configure:4595: checking for x86_64-pc-linux-gnu-gcc
configure:4622: result: gcc
configure:4891: checking for C compiler version
configure:4900: gcc --version >&5
gcc (Ubuntu 13.3.0-6ubuntu2~24.04) 13.3.0
Copyright (C) 2023 Free Software Foundation, Inc.
This is free software; see the source for copying conditions.  There is NO
warranty; not even for MERCHANTABILITY or FITNESS FOR A PARTICULAR PURPOSE.

configure:4911: $? = 0
configure:4900: gcc -v >&5
Using built-in specs.
COLLECT_GCC=gcc
COLLECT_LTO_WRAPPER=/usr/libexec/gcc/x86_64-linux-gnu/13/lto-wrapper
OFFLOAD_TARGET_NAMES=nvptx-none:amdgcn-amdhsa
OFFLOAD_TARGET_DEFAULT=1
Target: x86_64-linux-gnu
Configured with: ../src/configure -v --with-pkgversion='Ubuntu 13.3.0-6ubuntu2~24.04' --with-bugurl=file:///usr/share/doc/gcc-13/README.Bugs --enable-languages=c,ada,c++,go,d,fortran,objc,obj-c++,m2 --prefix=/usr --with-gcc-major-version-only --program-suffix=-13 --program-prefix=x86_64-linux-gnu- --enable-shared --enable-linker-build-id --libexecdir=/usr/libexec --without-included-gettext --enable-threads=posix --libdir=/usr/lib --enable-nls --enable-bootstrap --enable-clocale=gnu --enable-libstdcxx-debug --enable-libstdcxx-time=yes --with-default-libstdcxx-abi=new --enable-libstdcxx-backtrace --enable-gnu-unique-object --disable-vtable-verify --enable-plugin --enable-default-pie --with-system-zlib --enable-libphobos-checking=release --with-target-system-zlib=auto --enable-objc-gc=auto --enable-multiarch --disable-werror --enable-cet --with-arch-32=i686 --with-abi=m64 --with-multilib-list=m32,m64,mx32 --enable-multilib --with-tune=generic --enable-offload-targets=nvptx-none=/build/gcc-13-fG75Ri/gcc-13-13.3.0/debian/tmp-nvptx/usr,amdgcn-amdhsa=/build/gcc-13-fG75Ri/gcc-13-13.3.0/debian/tmp-gcn/usr --enable-offload-defaulted --without-cuda-driver --enable-checking=release --build=x86_64-linux-gnu --host=x86_64-linux-gnu --target=x86_64-linux-gnu --with-build-config=bootstrap-lto-lean --enable-link-serialization=2
Thread model: posix
Supported LTO compression algorithms: zlib zstd
gcc version 13.3.0 (Ubuntu 13.3.0-6ubuntu2~24.04) 
... rest of stderr output deleted ...
configure:4911: $? = 0
configure:4900: gcc -V >&5
gcc: error: unrecognized command-line option '-V'
gcc: fatal error: no input files
compilation terminated.
configure:4911: $? = 1
configure:4900: gcc -qversion >&5
gcc: error: unrecognized command-line option '-qversion'; did you mean '--version'?
gcc: fatal error: no input files
compilation terminated.
configure:4911: $? = 1
configure:4915: checking whether we are using the GNU C compiler
configure:4943: result: yes
configure:4952: checking whether gcc accepts -g
configure:5013: result: yes
configure:5030: checking for gcc option to accept ISO C89
configure:5106: result: none needed
configure:5131: checking whether gcc understands -c and -o together
configure:5168: result: yes
configure:5187: checking dependency style of gcc
configure:5298: result: gcc3
configure:5425: checking for C++ compiler version
configure:5434: g++ --version >&5
g++ (Ubuntu 13.3.0-6ubuntu2~24.04) 13.3.0
Copyright (C) 2023 Free Software Foundation, Inc.
This is free software; see the source for copying conditions.  There is NO
warranty; not even for MERCHANTABILITY or FITNESS FOR A PARTICULAR PURPOSE.

configure:5445: $? = 0
configure:5434: g++ -v >&5
Using built-in specs.
COLLECT_GCC=g++
COLLECT_LTO_WRAPPER=/usr/libexec/gcc/x86_64-linux-gnu/13/lto-wrapper
OFFLOAD_TARGET_NAMES=nvptx-none:amdgcn-amdhsa
OFFLOAD_TARGET_DEFAULT=1
Target: x86_64-linux-gnu
Configured with: ../src/configure -v --with-pkgversion='Ubuntu 13.3.0-6ubuntu2~24.04' --with-bugurl=file:///usr/share/doc/gcc-13/README.Bugs --enable-languages=c,ada,c++,go,d,fortran,objc,obj-c++,m2 --prefix=/usr --with-gcc-major-version-only --program-suffix=-13 --program-prefix=x86_64-linux-gnu- --enable-shared --enable-linker-build-id --libexecdir=/usr/libexec --without-included-gettext --enable-threads=posix --libdir=/usr/lib --enable-nls --enable-bootstrap --enable-clocale=gnu --enable-libstdcxx-debug --enable-libstdcxx-time=yes --with-default-libstdcxx-abi=new --enable-libstdcxx-backtrace --enable-gnu-unique-object --disable-vtable-verify --enable-plugin --enable-default-pie --with-system-zlib --enable-libphobos-checking=release --with-target-system-zlib=auto --enable-objc-gc=auto --enable-multiarch --disable-werror --enable-cet --with-arch-32=i686 --with-abi=m64 --with-multilib-list=m32,m64,mx32 --enable-multilib --with-tune=generic --enable-offload-targets=nvptx-none=/build/gcc-13-fG75Ri/gcc-13-13.3.0/debian/tmp-nvptx/usr,amdgcn-amdhsa=/build/gcc-13-fG75Ri/gcc-13-13.3.0/debian/tmp-gcn/usr --enable-offload-defaulted --without-cuda-driver --enable-checking=release --build=x86_64-linux-gnu --host=x86_64-linux-gnu --target=x86_64-linux-gnu --with-build-config=bootstrap-lto-lean --enable-link-serialization=2
Thread model: posix
Supported LTO compression algorithms: zlib zstd
gcc version 13.3.0 (Ubuntu 13.3.0-6ubuntu2~24.04) 
... rest of stderr output deleted ...
configure:5445: $? = 0
configure:5434: g++ -V >&5
g++: error: unrecognized command-line option '-V'
g++: fatal error: no input files
compilation terminated.
configure:5445: $? = 1
configure:5434: g++ -qversion >&5
g++: error: unrecognized command-line option '-qversion'; did you mean '--version'?
g++: fatal error: no input files
compilation terminated.
configure:5445: $? = 1
configure:5449: checking whether we are using the GNU C++ compiler
configure:5477: result: yes
configure:5486: checking whether g++ accepts -g
configure:5547: result: yes
configure:5572: checking dependency style of g++
configure:5683: result: gcc3
configure:5702: checking for x86_64-pc-linux-gnu-ranlib
configure:5729: result: ranlib --plugin /usr/libexec/gcc/x86_64-linux-gnu/13/liblto_plugin.so
configure:5796: checking for x86_64-pc-linux-gnu-ar
configure:5823: result: ar --plugin /usr/libexec/gcc/x86_64-linux-gnu/13/liblto_plugin.so
configure:5893: checking the archiver (ar --plugin /usr/libexec/gcc/x86_64-linux-gnu/13/liblto_plugin.so) interface
configure:5942: result: ar
configure:6009: checking how to print strings
configure:6036: result: printf
configure:6057: checking for a sed that does not truncate output
configure:6121: result: /usr/bin/sed
configure:6139: checking for fgrep
configure:6201: result: /usr/bin/grep -F
configure:6236: checking for ld used by gcc
configure:6303: result: ld
configure:6310: checking if the linker (ld) is GNU ld
configure:6325: result: yes
configure:6337: checking for BSD- or MS-compatible name lister (nm)
configure:6393: result: /usr/bin/nm -B
configure:6523: checking the name lister (/usr/bin/nm -B) interface
configure:6543: result: BSD nm
configure:6546: checking whether ln -s works
configure:6550: result: yes
configure:6558: checking the maximum length of command line arguments
configure:6683: result: 1572864
configure:6700: checking whether the shell understands some XSI constructs
configure:6710: result: yes
configure:6714: checking whether the shell understands "+="
configure:6720: result: yes
configure:6755: checking for ld option to reload object files
configure:6762: result: -r
configure:6791: checking for x86_64-pc-linux-gnu-objdump
configure:6818: result: objdump
configure:6890: checking how to recognize dependent libraries
configure:7096: result: pass_all
configure:7129: checking for x86_64-pc-linux-gnu-ar
configure:7156: result: ar --plugin /usr/libexec/gcc/x86_64-linux-gnu/13/liblto_plugin.so
configure:7247: checking for x86_64-pc-linux-gnu-strip
configure:7277: result: no
configure:7287: checking for strip
configure:7314: result: strip
configure:7346: checking for x86_64-pc-linux-gnu-ranlib
configure:7373: result: ranlib --plugin /usr/libexec/gcc/x86_64-linux-gnu/13/liblto_plugin.so
configure:7520: checking command to parse /usr/bin/nm -B output from gcc object
configure:7743: result: ok
configure:7838: gcc -c -g -O2      conftest.c >&5
configure:7841: $? = 0
configure:8593: checking for dlfcn.h
configure:8593: result: yes
configure:8781: checking for objdir
configure:8796: result: .libs
configure:9067: checking if gcc supports -fno-rtti -fno-exceptions
configure:9102: result: no
configure:9122: checking for gcc option to produce PIC
configure:9408: result: -fPIC -DPIC
configure:9420: checking if gcc PIC flag -fPIC -DPIC works
configure:9455: result: yes
configure:9479: checking if gcc static flag -static works
configure:9507: result: yes
configure:9522: checking if gcc supports -c -o file.o
configure:9569: result: yes
configure:9577: checking if gcc supports -c -o file.o
configure:9624: result: yes
configure:9657: checking whether the gcc linker (ld -m elf_x86_64) supports shared libraries
configure:10728: result: yes
configure:10765: checking whether -lc should be explicitly linked in
configure:10773: gcc -c -g -O2      conftest.c >&5
configure:10776: $? = 0
configure:10791: gcc -shared  -fPIC -DPIC conftest.o  -v -Wl,-soname -Wl,conftest -o conftest 2\>\&1 \| /usr/bin/grep  -lc  \>/dev/null 2\>\&1
configure:10794: $? = 0
configure:10808: result: no
configure:10973: checking dynamic linker characteristics
configure:11660: result: GNU/Linux ld.so
configure:11767: checking how to hardcode library paths into programs
configure:11792: result: immediate
configure:12332: checking whether stripping libraries is possible
configure:12337: result: yes
configure:12372: checking if libtool supports shared libraries
configure:12374: result: yes
configure:12377: checking whether to build shared libraries
configure:12398: result: yes
configure:12401: checking whether to build static libraries
configure:12405: result: yes
configure:12428: checking how to run the C++ preprocessor
configure:12494: result: g++ -E
configure:12514: g++ -E  conftest.cpp
configure:12514: $? = 0
configure:12528: g++ -E  conftest.cpp
conftest.cpp:28:10: fatal error: ac_nonexistent.h: No such file or directory
   28 | #include <ac_nonexistent.h>
      |          ^~~~~~~~~~~~~~~~~~
compilation terminated.
configure:12528: $? = 1
configure: failed program was:
| /* confdefs.h */
| #define PACKAGE_NAME "gprofng"
| #define PACKAGE_TARNAME "gprofng"
| #define PACKAGE_VERSION "2.42"
| #define PACKAGE_STRING "gprofng 2.42"
| #define PACKAGE_BUGREPORT ""
| #define PACKAGE_URL ""
| #define PACKAGE "gprofng"
| #define VERSION "2.42"
| #define STDC_HEADERS 1
| #define HAVE_SYS_TYPES_H 1
| #define HAVE_SYS_STAT_H 1
| #define HAVE_STDLIB_H 1
| #define HAVE_STRING_H 1
| #define HAVE_MEMORY_H 1
| #define HAVE_STRINGS_H 1
| #define HAVE_INTTYPES_H 1
| #define HAVE_STDINT_H 1
| #define HAVE_UNISTD_H 1
| #define __EXTENSIONS__ 1
| #define _ALL_SOURCE 1
| #define _GNU_SOURCE 1
| #define _POSIX_PTHREAD_SEMANTICS 1
| #define _TANDEM_SOURCE 1
| #define HAVE_DLFCN_H 1
| #define LT_OBJDIR ".libs/"
| /* end confdefs.h.  */
| #include <ac_nonexistent.h>
configure:12696: checking for ld used by g++
configure:12763: result: ld -m elf_x86_64
configure:12770: checking if the linker (ld -m elf_x86_64) is GNU ld
configure:12785: result: yes
configure:12840: checking whether the g++ linker (ld -m elf_x86_64) supports shared libraries
configure:13773: result: yes
configure:13801: g++ -c -g -O2      conftest.cpp >&5
configure:13804: $? = 0
configure:13986: checking for g++ option to produce PIC
configure:14309: result: -fPIC -DPIC
configure:14318: checking if g++ PIC flag -fPIC -DPIC works
configure:14353: result: yes
configure:14374: checking if g++ static flag -static works
configure:14402: result: yes
configure:14414: checking if g++ supports -c -o file.o
configure:14461: result: yes
configure:14466: checking if g++ supports -c -o file.o
configure:14513: result: yes
configure:14543: checking whether the g++ linker (ld -m elf_x86_64) supports shared libraries
configure:14571: result: yes
configure:14714: checking dynamic linker characteristics
configure:15335: result: GNU/Linux ld.so
configure:15388: checking how to hardcode library paths into programs
configure:15413: result: immediate
configure:15550: checking whether gcc supports -Wnonnull-compare
configure:15567: gcc -c -Wnonnull-compare  conftest.c >&5
configure:15567: $? = 0
configure:15576: result: yes
configure:15654: updating cache .././config.cache
configure:15698: checking that generated files are newer than configure
configure:15704: result: done
configure:15739: creating ./config.status

## ---------------------- ##
## Running config.status. ##
## ---------------------- ##

This file was extended by gprofng config.status 2.42, which was
generated by GNU Autoconf 2.69.  Invocation command line was

  CONFIG_FILES    = 
  CONFIG_HEADERS  = 
  CONFIG_LINKS    = 
  CONFIG_COMMANDS = 
  $ ./config.status 

on jamie-hp-elitebook-2570p

config.status:1145: creating Makefile
config.status:1145: creating lib-config.h
config.status:1359: executing depfiles commands
config.status:1359: executing libtool commands

## ---------------- ##
## Cache variables. ##
## ---------------- ##

ac_cv_build=x86_64-pc-linux-gnu
ac_cv_c_compiler_gnu=yes
ac_cv_cxx_compiler_gnu=yes
ac_cv_env_CCC_set=
ac_cv_env_CCC_value=
ac_cv_env_CC_set=set
ac_cv_env_CC_value=gcc
ac_cv_env_CFLAGS_set=set
ac_cv_env_CFLAGS_value='-g -O2    '
ac_cv_env_CPPFLAGS_set=
ac_cv_env_CPPFLAGS_value=
ac_cv_env_CPP_set=
ac_cv_env_CPP_value=
ac_cv_env_CXXCPP_set=
ac_cv_env_CXXCPP_value=
ac_cv_env_CXXFLAGS_set=set
ac_cv_env_CXXFLAGS_value='-g -O2    '
ac_cv_env_CXX_set=set
ac_cv_env_CXX_value=g++
ac_cv_env_LDFLAGS_set=set
ac_cv_env_LDFLAGS_value=' '
ac_cv_env_LIBS_set=
ac_cv_env_LIBS_value=
ac_cv_env_build_alias_set=set
ac_cv_env_build_alias_value=x86_64-pc-linux-gnu
ac_cv_env_host_alias_set=set
ac_cv_env_host_alias_value=x86_64-pc-linux-gnu
ac_cv_env_target_alias_set=set
ac_cv_env_target_alias_value=x86_64-lfs-linux-gnu
ac_cv_func_clock_gettime=yes
ac_cv_func_strsignal=yes
ac_cv_have_decl_basename=yes
ac_cv_header_dlfcn_h=yes
ac_cv_header_inttypes_h=yes
ac_cv_header_memory_h=yes
ac_cv_header_minix_config_h=no
ac_cv_header_stdc=yes
ac_cv_header_stdint_h=yes
ac_cv_header_stdlib_h=yes
ac_cv_header_string_h=yes
ac_cv_header_strings_h=yes
ac_cv_header_sys_stat_h=yes
ac_cv_header_sys_types_h=yes
ac_cv_header_unistd_h=yes
ac_cv_host=x86_64-pc-linux-gnu
ac_cv_libctf_tcl_try=no
ac_cv_objext=o
ac_cv_path_EGREP='/usr/bin/grep -E'
ac_cv_path_FGREP='/usr/bin/grep -F'
ac_cv_path_GREP=/usr/bin/grep
ac_cv_path_JAVAC=/usr/bin/javac
ac_cv_path_SED=/usr/bin/sed
ac_cv_path_mkdir=/usr/bin/mkdir
ac_cv_prog_AR='ar --plugin /usr/libexec/gcc/x86_64-linux-gnu/13/liblto_plugin.so'
ac_cv_prog_AWK=gawk
ac_cv_prog_BISON=bison
ac_cv_prog_CC=gcc
ac_cv_prog_CPP='gcc -E'
ac_cv_prog_CXXCPP='g++ -E'
ac_cv_prog_MAKEINFO='/home/j/Dokumente/GitHub/FreetimeOS/lfs/binutils-2.42/missing makeinfo --split-size=5000000'
ac_cv_prog_OBJDUMP=objdump
ac_cv_prog_RANLIB='ranlib --plugin /usr/libexec/gcc/x86_64-linux-gnu/13/liblto_plugin.so'
ac_cv_prog_ac_ct_STRIP=strip
ac_cv_prog_cc_c89=
ac_cv_prog_cc_g=yes
ac_cv_prog_cxx_g=yes
ac_cv_prog_make_make_set=yes
ac_cv_safe_to_define___extensions__=yes
ac_cv_target=x86_64-lfs-linux-gnu
acx_cv_prog_cc_warning__Wall=yes
acx_cv_prog_cc_warning__Wnonnull_compare=yes
acx_cv_prog_cc_warning__Wswitch=yes
am_cv_CC_dependencies_compiler_type=gcc3
am_cv_CXX_dependencies_compiler_type=gcc3
am_cv_ar_interface=ar
am_cv_make_support_nested_variables=yes
am_cv_prog_cc_c_o=yes
ax_cv_PTHREAD_CLANG=no
ax_cv_PTHREAD_JOINABLE_ATTR=PTHREAD_CREATE_JOINABLE
ax_cv_PTHREAD_PRIO_INHERIT=yes
ax_cv_PTHREAD_SPECIAL_FLAGS=no
bfd_cv_ld_as_needed=yes
lt_cv_archive_cmds_need_lc=no
lt_cv_deplibs_check_method=pass_all
lt_cv_file_magic_cmd='$MAGIC_CMD'
lt_cv_file_magic_test_file=
lt_cv_ld_reload_flag=-r
lt_cv_nm_interface='BSD nm'
lt_cv_objdir=.libs
lt_cv_path_LD=ld
lt_cv_path_LDCXX='ld -m elf_x86_64'
lt_cv_path_NM='/usr/bin/nm -B'
lt_cv_prog_compiler_c_o=yes
lt_cv_prog_compiler_c_o_CXX=yes
lt_cv_prog_compiler_pic_works=yes
lt_cv_prog_compiler_pic_works_CXX=yes
lt_cv_prog_compiler_rtti_exceptions=no
lt_cv_prog_compiler_static_works=yes
lt_cv_prog_compiler_static_works_CXX=yes
lt_cv_prog_gnu_ld=yes
lt_cv_prog_gnu_ldcxx=yes
lt_cv_shlibpath_overrides_runpath=yes
lt_cv_sys_global_symbol_pipe='sed -n -e '\''s/^.*[	 ]\([ABCDGIRSTW][ABCDGIRSTW]*\)[	 ][	 ]*\([_A-Za-z][_A-Za-z0-9]*\)$/\1 \2 \2/p'\'''
lt_cv_sys_global_symbol_to_c_name_address='sed -n -e '\''s/^: \([^ ]*\) $/  {\"\1\", (void *) 0},/p'\'' -e '\''s/^[ABCDGIRSTW]* \([^ ]*\) \([^ ]*\)$/  {"\2", (void *) \&\2},/p'\'''
lt_cv_sys_global_symbol_to_c_name_address_lib_prefix='sed -n -e '\''s/^: \([^ ]*\) $/  {\"\1\", (void *) 0},/p'\'' -e '\''s/^[ABCDGIRSTW]* \([^ ]*\) \(lib[^ ]*\)$/  {"\2", (void *) \&\2},/p'\'' -e '\''s/^[ABCDGIRSTW]* \([^ ]*\) \([^ ]*\)$/  {"lib\2", (void *) \&\2},/p'\'''
lt_cv_sys_global_symbol_to_cdecl='sed -n -e '\''s/^T .* \(.*\)$/extern int \1();/p'\'' -e '\''s/^[ABCDGIRSTW]* .* \(.*\)$/extern char \1;/p'\'''
lt_cv_sys_max_cmd_len=1572864

## ----------------- ##
## Output variables. ##
## ----------------- ##

ACLOCAL='${SHELL} /home/j/Dokumente/GitHub/FreetimeOS/lfs/binutils-2.42/missing aclocal-1.15'
AMDEPBACKSLASH='\'
AMDEP_FALSE='#'
AMDEP_TRUE=''
AMTAR='$${TAR-tar}'
AM_BACKSLASH='\'
AM_DEFAULT_V='$(AM_DEFAULT_VERBOSITY)'
AM_DEFAULT_VERBOSITY='1'
AM_V='$(V)'
AR='ar --plugin /usr/libexec/gcc/x86_64-linux-gnu/13/liblto_plugin.so --plugin /usr/libexec/gcc/x86_64-linux-gnu/13/liblto_plugin.so'
AUTOCONF='${SHELL} /home/j/Dokumente/GitHub/FreetimeOS/lfs/binutils-2.42/missing autoconf'
AUTOHEADER='${SHELL} /home/j/Dokumente/GitHub/FreetimeOS/lfs/binutils-2.42/missing autoheader'
AUTOMAKE='${SHELL} /home/j/Dokumente/GitHub/FreetimeOS/lfs/binutils-2.42/missing automake-1.15'
AWK='gawk'
CC='gcc'
CCDEPMODE='depmode=gcc3'
CFLAGS='-g -O2    '
CPP='gcc -E'
CPPFLAGS=''
CXX='g++'
CXXCPP='g++ -E'
CXXDEPMODE='depmode=gcc3'
CXXFLAGS='-g -O2    '
CYGPATH_W='echo'
DEFS='-DHAVE_CONFIG_H'
DEPDIR='.deps'
DSYMUTIL='dsymutil'
DUMPBIN=''
ECHO_C=''
ECHO_N='-n'
ECHO_T=''
EGREP='/usr/bin/grep -E'
EXEEXT=''
FGREP='/usr/bin/grep -F'
GPROFNG_NO_NONNULL_COMPARE_CFLAGS='-Wno-nonnull-compare'
GREP='/usr/bin/grep'
INSTALL_DATA='/usr/bin/install -c -m 644'
INSTALL_PROGRAM='/usr/bin/install -c'
INSTALL_SCRIPT='/usr/bin/install -c'
INSTALL_STRIP_PROGRAM='$(install_sh) -c -s'
LD='ld -m elf_x86_64'
LDFLAGS=' '
LIBOBJS=''
LIBS=''
LIBTOOL='$(SHELL) $(top_builddir)/libtool'
LIPO=''
LN_S='ln -s'
LTLIBOBJS=''
MAINT='#'
MAINTAINER_MODE_FALSE=''
MAINTAINER_MODE_TRUE='#'
MAKEINFO='/home/j/Dokumente/GitHub/FreetimeOS/lfs/binutils-2.42/missing makeinfo --split-size=5000000'
MKDIR_P='/usr/bin/mkdir -p'
NM='/usr/bin/nm -B'
NMEDIT=''
OBJDUMP='objdump'
OBJEXT='o'
OTOOL64=''
OTOOL='otool'
PACKAGE='gprofng'
PACKAGE_BUGREPORT=''
PACKAGE_NAME='gprofng'
PACKAGE_STRING='gprofng 2.42'
PACKAGE_TARNAME='gprofng'
PACKAGE_URL=''
PACKAGE_VERSION='2.42'
PATH_SEPARATOR=':'
RANLIB='ranlib --plugin /usr/libexec/gcc/x86_64-linux-gnu/13/liblto_plugin.so --plugin /usr/libexec/gcc/x86_64-linux-gnu/13/liblto_plugin.so'
SED='/usr/bin/sed'
SET_MAKE=''
SHELL='/bin/bash'
STRIP='strip'
VERSION='2.42'
ac_ct_AR=''
ac_ct_CC=''
ac_ct_CXX=''
ac_ct_DUMPBIN=''
am__EXEEXT_FALSE=''
am__EXEEXT_TRUE='#'
am__fastdepCC_FALSE='#'
am__fastdepCC_TRUE=''
am__fastdepCXX_FALSE='#'
am__fastdepCXX_TRUE=''
am__include='include'
am__isrc=' -I$(srcdir)'
am__leading_dot='.'
am__nodep='_no'
am__quote=''
am__tar='$${TAR-tar} chof - "$$tardir"'
am__untar='$${TAR-tar} xf -'
bindir='${exec_prefix}/bin'
build='x86_64-pc-linux-gnu'
build_alias='x86_64-pc-linux-gnu'
build_cpu='x86_64'
build_os='linux-gnu'
build_vendor='pc'
datadir='${datarootdir}'
datarootdir='${prefix}/share'
docdir='${datarootdir}/doc/${PACKAGE_TARNAME}'
dvidir='${docdir}'
exec_prefix='${prefix}'
host='x86_64-pc-linux-gnu'
host_alias='x86_64-pc-linux-gnu'
host_cpu='x86_64'
host_os='linux-gnu'
host_vendor='pc'
htmldir='${docdir}'
includedir='${prefix}/include'
infodir='${datarootdir}/info'
install_sh='${SHELL} /home/j/Dokumente/GitHub/FreetimeOS/lfs/binutils-2.42/install-sh'
libdir='${exec_prefix}/lib'
libexecdir='${exec_prefix}/libexec'
localedir='${datarootdir}/locale'
localstatedir='${prefix}/var'
mandir='${datarootdir}/man'
mkdir_p='$(MKDIR_P)'
oldincludedir='/usr/include'
pdfdir='${docdir}'
prefix='/home/j/Dokumente/GitHub/FreetimeOS/lfs/tools'
program_transform_name='s&^&x86_64-lfs-linux-gnu-&'
psdir='${docdir}'
sbindir='${exec_prefix}/sbin'
sharedstatedir='${prefix}/com'
sysconfdir='${prefix}/etc'
target='x86_64-lfs-linux-gnu'
target_alias='x86_64-lfs-linux-gnu'
target_cpu='x86_64'
target_os='linux-gnu'
target_vendor='lfs'

## ----------- ##
## confdefs.h. ##
## ----------- ##

/* confdefs.h */
#define PACKAGE_NAME "gprofng"
#define PACKAGE_TARNAME "gprofng"
#define PACKAGE_VERSION "2.42"
#define PACKAGE_STRING "gprofng 2.42"
#define PACKAGE_BUGREPORT ""
#define PACKAGE_URL ""
#define PACKAGE "gprofng"
#define VERSION "2.42"
#define STDC_HEADERS 1
#define HAVE_SYS_TYPES_H 1
#define HAVE_SYS_STAT_H 1
#define HAVE_STDLIB_H 1
#define HAVE_STRING_H 1
#define HAVE_MEMORY_H 1
#define HAVE_STRINGS_H 1
#define HAVE_INTTYPES_H 1
#define HAVE_STDINT_H 1
#define HAVE_UNISTD_H 1
#define __EXTENSIONS__ 1
#define _ALL_SOURCE 1
#define _GNU_SOURCE 1
#define _POSIX_PTHREAD_SEMANTICS 1
#define _TANDEM_SOURCE 1
#define HAVE_DLFCN_H 1
#define LT_OBJDIR ".libs/"

configure: exit 0
