This file contains any messages produced by compilers while
running configure, to aid debugging if configure makes a mistake.

It was created by gprofng configure 2.42, which was
generated by GNU Autoconf 2.69.  Invocation command line was

  $ /home/j/Dokumente/GitHub/FreetimeOS/lfs/binutils-2.42/gprofng/configure --srcdir=../../binutils-2.42/gprofng --cache-file=./config.cache --with-gnu-as --with-gnu-ld --prefix=/home/j/Dokumente/GitHub/FreetimeOS/lfs/tools --disable-nls --disable-werror --program-transform-name=s&^&x86_64-lfs-linux-gnu-& --disable-option-checking --build=x86_64-pc-linux-gnu --host=x86_64-pc-linux-gnu --target=x86_64-lfs-linux-gnu

## --------- ##
## Platform. ##
## --------- ##

hostname = jamie-hp-elitebook-2570p
uname -m = x86_64
uname -r = 6.8.0-79-generic
uname -s = Linux
uname -v = #79-Ubuntu SMP PREEMPT_DYNAMIC Tue Aug 12 14:42:46 UTC 2025

/usr/bin/uname -p = x86_64
/bin/uname -X     = unknown

/bin/arch              = x86_64
/usr/bin/arch -k       = unknown
/usr/convex/getsysinfo = unknown
/usr/bin/hostinfo      = unknown
/bin/machine           = unknown
/usr/bin/oslevel       = unknown
/bin/universe          = unknown

PATH: /usr/local/sbin
PATH: /usr/local/bin
PATH: /usr/sbin
PATH: /usr/bin
PATH: /sbin
PATH: /bin
PATH: /usr/games
PATH: /usr/local/games
PATH: /snap/bin
PATH: /snap/bin


## ----------- ##
## Core tests. ##
## ----------- ##

configure:2356: creating cache ./config.cache
configure:2462: checking build system type
configure:2476: result: x86_64-pc-linux-gnu
configure:2496: checking host system type
configure:2509: result: x86_64-pc-linux-gnu
configure:2529: checking target system type
configure:2542: result: x86_64-lfs-linux-gnu
configure:2584: checking for a BSD-compatible install
configure:2652: result: /usr/bin/install -c
configure:2663: checking whether build environment is sane
configure:2718: result: yes
configure:2869: checking for a thread-safe mkdir -p
configure:2908: result: /usr/bin/mkdir -p
configure:2915: checking for gawk
configure:2942: result: gawk
configure:2953: checking whether make sets $(MAKE)
configure:2975: result: yes
configure:3004: checking whether make supports nested variables
configure:3021: result: yes
configure:3148: checking whether to enable maintainer-specific portions of Makefiles
configure:3157: result: no
configure:3183: checking for style of include used by make
configure:3211: result: GNU
configure:3242: checking for x86_64-pc-linux-gnu-gcc
configure:3269: result: gcc
configure:3538: checking for C compiler version
configure:3547: gcc --version >&5
gcc (Ubuntu 13.3.0-6ubuntu2~24.04) 13.3.0
Copyright (C) 2023 Free Software Foundation, Inc.
This is free software; see the source for copying conditions.  There is NO
warranty; not even for MERCHANTABILITY or FITNESS FOR A PARTICULAR PURPOSE.

configure:3558: $? = 0
configure:3547: gcc -v >&5
Using built-in specs.
COLLECT_GCC=gcc
COLLECT_LTO_WRAPPER=/usr/libexec/gcc/x86_64-linux-gnu/13/lto-wrapper
OFFLOAD_TARGET_NAMES=nvptx-none:amdgcn-amdhsa
OFFLOAD_TARGET_DEFAULT=1
Target: x86_64-linux-gnu
Configured with: ../src/configure -v --with-pkgversion='Ubuntu 13.3.0-6ubuntu2~24.04' --with-bugurl=file:///usr/share/doc/gcc-13/README.Bugs --enable-languages=c,ada,c++,go,d,fortran,objc,obj-c++,m2 --prefix=/usr --with-gcc-major-version-only --program-suffix=-13 --program-prefix=x86_64-linux-gnu- --enable-shared --enable-linker-build-id --libexecdir=/usr/libexec --without-included-gettext --enable-threads=posix --libdir=/usr/lib --enable-nls --enable-bootstrap --enable-clocale=gnu --enable-libstdcxx-debug --enable-libstdcxx-time=yes --with-default-libstdcxx-abi=new --enable-libstdcxx-backtrace --enable-gnu-unique-object --disable-vtable-verify --enable-plugin --enable-default-pie --with-system-zlib --enable-libphobos-checking=release --with-target-system-zlib=auto --enable-objc-gc=auto --enable-multiarch --disable-werror --enable-cet --with-arch-32=i686 --with-abi=m64 --with-multilib-list=m32,m64,mx32 --enable-multilib --with-tune=generic --enable-offload-targets=nvptx-none=/build/gcc-13-fG75Ri/gcc-13-13.3.0/debian/tmp-nvptx/usr,amdgcn-amdhsa=/build/gcc-13-fG75Ri/gcc-13-13.3.0/debian/tmp-gcn/usr --enable-offload-defaulted --without-cuda-driver --enable-checking=release --build=x86_64-linux-gnu --host=x86_64-linux-gnu --target=x86_64-linux-gnu --with-build-config=bootstrap-lto-lean --enable-link-serialization=2
Thread model: posix
Supported LTO compression algorithms: zlib zstd
gcc version 13.3.0 (Ubuntu 13.3.0-6ubuntu2~24.04) 
... rest of stderr output deleted ...
configure:3558: $? = 0
configure:3547: gcc -V >&5
gcc: error: unrecognized command-line option '-V'
gcc: fatal error: no input files
compilation terminated.
configure:3558: $? = 1
configure:3547: gcc -qversion >&5
gcc: error: unrecognized command-line option '-qversion'; did you mean '--version'?
gcc: fatal error: no input files
compilation terminated.
configure:3558: $? = 1
configure:3578: checking whether the C compiler works
configure:3600: gcc -g -O2        conftest.c  >&5
configure:3604: $? = 0
configure:3652: result: yes
configure:3655: checking for C compiler default output file name
configure:3657: result: a.out
configure:3663: checking for suffix of executables
configure:3670: gcc -o conftest -g -O2        conftest.c  >&5
configure:3674: $? = 0
configure:3696: result: 
configure:3718: checking whether we are cross compiling
configure:3726: gcc -o conftest -g -O2        conftest.c  >&5
configure:3730: $? = 0
configure:3737: ./conftest
configure:3741: $? = 0
configure:3756: result: no
configure:3761: checking for suffix of object files
configure:3783: gcc -c -g -O2      conftest.c >&5
configure:3787: $? = 0
configure:3808: result: o
configure:3812: checking whether we are using the GNU C compiler
configure:3831: gcc -c -g -O2      conftest.c >&5
configure:3831: $? = 0
configure:3840: result: yes
configure:3849: checking whether gcc accepts -g
configure:3869: gcc -c -g  conftest.c >&5
configure:3869: $? = 0
configure:3910: result: yes
configure:3927: checking for gcc option to accept ISO C89
configure:3990: gcc  -c -g -O2      conftest.c >&5
configure:3990: $? = 0
configure:4003: result: none needed
configure:4028: checking whether gcc understands -c and -o together
configure:4050: gcc -c conftest.c -o conftest2.o
configure:4053: $? = 0
configure:4050: gcc -c conftest.c -o conftest2.o
configure:4053: $? = 0
configure:4065: result: yes
configure:4084: checking dependency style of gcc
configure:4195: result: gcc3
configure:4216: checking how to run the C preprocessor
configure:4247: gcc -E  conftest.c
configure:4247: $? = 0
configure:4261: gcc -E  conftest.c
conftest.c:11:10: fatal error: ac_nonexistent.h: No such file or directory
   11 | #include <ac_nonexistent.h>
      |          ^~~~~~~~~~~~~~~~~~
compilation terminated.
configure:4261: $? = 1
configure: failed program was:
| /* confdefs.h */
| #define PACKAGE_NAME "gprofng"
| #define PACKAGE_TARNAME "gprofng"
| #define PACKAGE_VERSION "2.42"
| #define PACKAGE_STRING "gprofng 2.42"
| #define PACKAGE_BUGREPORT ""
| #define PACKAGE_URL ""
| #define PACKAGE "gprofng"
| #define VERSION "2.42"
| /* end confdefs.h.  */
| #include <ac_nonexistent.h>
configure:4286: result: gcc -E
configure:4306: gcc -E  conftest.c
configure:4306: $? = 0
configure:4320: gcc -E  conftest.c
conftest.c:11:10: fatal error: ac_nonexistent.h: No such file or directory
   11 | #include <ac_nonexistent.h>
      |          ^~~~~~~~~~~~~~~~~~
compilation terminated.
configure:4320: $? = 1
configure: failed program was:
| /* confdefs.h */
| #define PACKAGE_NAME "gprofng"
| #define PACKAGE_TARNAME "gprofng"
| #define PACKAGE_VERSION "2.42"
| #define PACKAGE_STRING "gprofng 2.42"
| #define PACKAGE_BUGREPORT ""
| #define PACKAGE_URL ""
| #define PACKAGE "gprofng"
| #define VERSION "2.42"
| /* end confdefs.h.  */
| #include <ac_nonexistent.h>
configure:4349: checking for grep that handles long lines and -e
configure:4407: result: /usr/bin/grep
configure:4412: checking for egrep
configure:4474: result: /usr/bin/grep -E
configure:4479: checking for ANSI C header files
configure:4499: gcc -c -g -O2      conftest.c >&5
configure:4499: $? = 0
configure:4572: gcc -o conftest -g -O2        conftest.c  >&5
configure:4572: $? = 0
configure:4572: ./conftest
configure:4572: $? = 0
configure:4583: result: yes
configure:4596: checking for sys/types.h
configure:4596: gcc -c -g -O2      conftest.c >&5
configure:4596: $? = 0
configure:4596: result: yes
configure:4596: checking for sys/stat.h
configure:4596: gcc -c -g -O2      conftest.c >&5
configure:4596: $? = 0
configure:4596: result: yes
configure:4596: checking for stdlib.h
configure:4596: gcc -c -g -O2      conftest.c >&5
configure:4596: $? = 0
configure:4596: result: yes
configure:4596: checking for string.h
configure:4596: gcc -c -g -O2      conftest.c >&5
configure:4596: $? = 0
configure:4596: result: yes
configure:4596: checking for memory.h
configure:4596: gcc -c -g -O2      conftest.c >&5
configure:4596: $? = 0
configure:4596: result: yes
configure:4596: checking for strings.h
configure:4596: gcc -c -g -O2      conftest.c >&5
configure:4596: $? = 0
configure:4596: result: yes
configure:4596: checking for inttypes.h
configure:4596: gcc -c -g -O2      conftest.c >&5
configure:4596: $? = 0
configure:4596: result: yes
configure:4596: checking for stdint.h
configure:4596: gcc -c -g -O2      conftest.c >&5
configure:4596: $? = 0
configure:4596: result: yes
configure:4596: checking for unistd.h
configure:4596: gcc -c -g -O2      conftest.c >&5
configure:4596: $? = 0
configure:4596: result: yes
configure:4609: checking minix/config.h usability
configure:4609: gcc -c -g -O2      conftest.c >&5
conftest.c:54:10: fatal error: minix/config.h: No such file or directory
   54 | #include <minix/config.h>
      |          ^~~~~~~~~~~~~~~~
compilation terminated.
configure:4609: $? = 1
configure: failed program was:
| /* confdefs.h */
| #define PACKAGE_NAME "gprofng"
| #define PACKAGE_TARNAME "gprofng"
| #define PACKAGE_VERSION "2.42"
| #define PACKAGE_STRING "gprofng 2.42"
| #define PACKAGE_BUGREPORT ""
| #define PACKAGE_URL ""
| #define PACKAGE "gprofng"
| #define VERSION "2.42"
| #define STDC_HEADERS 1
| #define HAVE_SYS_TYPES_H 1
| #define HAVE_SYS_STAT_H 1
| #define HAVE_STDLIB_H 1
| #define HAVE_STRING_H 1
| #define HAVE_MEMORY_H 1
| #define HAVE_STRINGS_H 1
| #define HAVE_INTTYPES_H 1
| #define HAVE_STDINT_H 1
| #define HAVE_UNISTD_H 1
| /* end confdefs.h.  */
| #include <stdio.h>
| #ifdef HAVE_SYS_TYPES_H
| # include <sys/types.h>
| #endif
| #ifdef HAVE_SYS_STAT_H
| # include <sys/stat.h>
| #endif
| #ifdef STDC_HEADERS
| # include <stdlib.h>
| # include <stddef.h>
| #else
| # ifdef HAVE_STDLIB_H
| #  include <stdlib.h>
| # endif
| #endif
| #ifdef HAVE_STRING_H
| # if !defined STDC_HEADERS && defined HAVE_MEMORY_H
| #  include <memory.h>
| # endif
| # include <string.h>
| #endif
| #ifdef HAVE_STRINGS_H
| # include <strings.h>
| #endif
| #ifdef HAVE_INTTYPES_H
| # include <inttypes.h>
| #endif
| #ifdef HAVE_STDINT_H
| # include <stdint.h>
| #endif
| #ifdef HAVE_UNISTD_H
| # include <unistd.h>
| #endif
| #include <minix/config.h>
configure:4609: result: no
configure:4609: checking minix/config.h presence
configure:4609: gcc -E  conftest.c
conftest.c:21:10: fatal error: minix/config.h: No such file or directory
   21 | #include <minix/config.h>
      |          ^~~~~~~~~~~~~~~~
compilation terminated.
configure:4609: $? = 1
configure: failed program was:
| /* confdefs.h */
| #define PACKAGE_NAME "gprofng"
| #define PACKAGE_TARNAME "gprofng"
| #define PACKAGE_VERSION "2.42"
| #define PACKAGE_STRING "gprofng 2.42"
| #define PACKAGE_BUGREPORT ""
| #define PACKAGE_URL ""
| #define PACKAGE "gprofng"
| #define VERSION "2.42"
| #define STDC_HEADERS 1
| #define HAVE_SYS_TYPES_H 1
| #define HAVE_SYS_STAT_H 1
| #define HAVE_STDLIB_H 1
| #define HAVE_STRING_H 1
| #define HAVE_MEMORY_H 1
| #define HAVE_STRINGS_H 1
| #define HAVE_INTTYPES_H 1
| #define HAVE_STDINT_H 1
| #define HAVE_UNISTD_H 1
| /* end confdefs.h.  */
| #include <minix/config.h>
configure:4609: result: no
configure:4609: checking for minix/config.h
configure:4609: result: no
configure:4630: checking whether it is safe to define __EXTENSIONS__
configure:4648: gcc -c -g -O2      conftest.c >&5
configure:4648: $? = 0
configure:4655: result: yes
configure:4677: checking for x86_64-pc-linux-gnu-gcc
configure:4704: result: gcc
configure:4973: checking for C compiler version
configure:4982: gcc --version >&5
gcc (Ubuntu 13.3.0-6ubuntu2~24.04) 13.3.0
Copyright (C) 2023 Free Software Foundation, Inc.
This is free software; see the source for copying conditions.  There is NO
warranty; not even for MERCHANTABILITY or FITNESS FOR A PARTICULAR PURPOSE.

configure:4993: $? = 0
configure:4982: gcc -v >&5
Using built-in specs.
COLLECT_GCC=gcc
COLLECT_LTO_WRAPPER=/usr/libexec/gcc/x86_64-linux-gnu/13/lto-wrapper
OFFLOAD_TARGET_NAMES=nvptx-none:amdgcn-amdhsa
OFFLOAD_TARGET_DEFAULT=1
Target: x86_64-linux-gnu
Configured with: ../src/configure -v --with-pkgversion='Ubuntu 13.3.0-6ubuntu2~24.04' --with-bugurl=file:///usr/share/doc/gcc-13/README.Bugs --enable-languages=c,ada,c++,go,d,fortran,objc,obj-c++,m2 --prefix=/usr --with-gcc-major-version-only --program-suffix=-13 --program-prefix=x86_64-linux-gnu- --enable-shared --enable-linker-build-id --libexecdir=/usr/libexec --without-included-gettext --enable-threads=posix --libdir=/usr/lib --enable-nls --enable-bootstrap --enable-clocale=gnu --enable-libstdcxx-debug --enable-libstdcxx-time=yes --with-default-libstdcxx-abi=new --enable-libstdcxx-backtrace --enable-gnu-unique-object --disable-vtable-verify --enable-plugin --enable-default-pie --with-system-zlib --enable-libphobos-checking=release --with-target-system-zlib=auto --enable-objc-gc=auto --enable-multiarch --disable-werror --enable-cet --with-arch-32=i686 --with-abi=m64 --with-multilib-list=m32,m64,mx32 --enable-multilib --with-tune=generic --enable-offload-targets=nvptx-none=/build/gcc-13-fG75Ri/gcc-13-13.3.0/debian/tmp-nvptx/usr,amdgcn-amdhsa=/build/gcc-13-fG75Ri/gcc-13-13.3.0/debian/tmp-gcn/usr --enable-offload-defaulted --without-cuda-driver --enable-checking=release --build=x86_64-linux-gnu --host=x86_64-linux-gnu --target=x86_64-linux-gnu --with-build-config=bootstrap-lto-lean --enable-link-serialization=2
Thread model: posix
Supported LTO compression algorithms: zlib zstd
gcc version 13.3.0 (Ubuntu 13.3.0-6ubuntu2~24.04) 
... rest of stderr output deleted ...
configure:4993: $? = 0
configure:4982: gcc -V >&5
gcc: error: unrecognized command-line option '-V'
gcc: fatal error: no input files
compilation terminated.
configure:4993: $? = 1
configure:4982: gcc -qversion >&5
gcc: error: unrecognized command-line option '-qversion'; did you mean '--version'?
gcc: fatal error: no input files
compilation terminated.
configure:4993: $? = 1
configure:4997: checking whether we are using the GNU C compiler
configure:5025: result: yes
configure:5034: checking whether gcc accepts -g
configure:5095: result: yes
configure:5112: checking for gcc option to accept ISO C89
configure:5188: result: none needed
configure:5213: checking whether gcc understands -c and -o together
configure:5250: result: yes
configure:5269: checking dependency style of gcc
configure:5380: result: gcc3
configure:5507: checking for C++ compiler version
configure:5516: g++ --version >&5
g++ (Ubuntu 13.3.0-6ubuntu2~24.04) 13.3.0
Copyright (C) 2023 Free Software Foundation, Inc.
This is free software; see the source for copying conditions.  There is NO
warranty; not even for MERCHANTABILITY or FITNESS FOR A PARTICULAR PURPOSE.

configure:5527: $? = 0
configure:5516: g++ -v >&5
Using built-in specs.
COLLECT_GCC=g++
COLLECT_LTO_WRAPPER=/usr/libexec/gcc/x86_64-linux-gnu/13/lto-wrapper
OFFLOAD_TARGET_NAMES=nvptx-none:amdgcn-amdhsa
OFFLOAD_TARGET_DEFAULT=1
Target: x86_64-linux-gnu
Configured with: ../src/configure -v --with-pkgversion='Ubuntu 13.3.0-6ubuntu2~24.04' --with-bugurl=file:///usr/share/doc/gcc-13/README.Bugs --enable-languages=c,ada,c++,go,d,fortran,objc,obj-c++,m2 --prefix=/usr --with-gcc-major-version-only --program-suffix=-13 --program-prefix=x86_64-linux-gnu- --enable-shared --enable-linker-build-id --libexecdir=/usr/libexec --without-included-gettext --enable-threads=posix --libdir=/usr/lib --enable-nls --enable-bootstrap --enable-clocale=gnu --enable-libstdcxx-debug --enable-libstdcxx-time=yes --with-default-libstdcxx-abi=new --enable-libstdcxx-backtrace --enable-gnu-unique-object --disable-vtable-verify --enable-plugin --enable-default-pie --with-system-zlib --enable-libphobos-checking=release --with-target-system-zlib=auto --enable-objc-gc=auto --enable-multiarch --disable-werror --enable-cet --with-arch-32=i686 --with-abi=m64 --with-multilib-list=m32,m64,mx32 --enable-multilib --with-tune=generic --enable-offload-targets=nvptx-none=/build/gcc-13-fG75Ri/gcc-13-13.3.0/debian/tmp-nvptx/usr,amdgcn-amdhsa=/build/gcc-13-fG75Ri/gcc-13-13.3.0/debian/tmp-gcn/usr --enable-offload-defaulted --without-cuda-driver --enable-checking=release --build=x86_64-linux-gnu --host=x86_64-linux-gnu --target=x86_64-linux-gnu --with-build-config=bootstrap-lto-lean --enable-link-serialization=2
Thread model: posix
Supported LTO compression algorithms: zlib zstd
gcc version 13.3.0 (Ubuntu 13.3.0-6ubuntu2~24.04) 
... rest of stderr output deleted ...
configure:5527: $? = 0
configure:5516: g++ -V >&5
g++: error: unrecognized command-line option '-V'
g++: fatal error: no input files
compilation terminated.
configure:5527: $? = 1
configure:5516: g++ -qversion >&5
g++: error: unrecognized command-line option '-qversion'; did you mean '--version'?
g++: fatal error: no input files
compilation terminated.
configure:5527: $? = 1
configure:5531: checking whether we are using the GNU C++ compiler
configure:5550: g++ -c -g -O2      conftest.cpp >&5
configure:5550: $? = 0
configure:5559: result: yes
configure:5568: checking whether g++ accepts -g
configure:5588: g++ -c -g  conftest.cpp >&5
configure:5588: $? = 0
configure:5629: result: yes
configure:5654: checking dependency style of g++
configure:5765: result: gcc3
configure:5784: checking for x86_64-pc-linux-gnu-ranlib
configure:5811: result: ranlib --plugin /usr/libexec/gcc/x86_64-linux-gnu/13/liblto_plugin.so
configure:5878: checking for x86_64-pc-linux-gnu-ar
configure:5905: result: ar --plugin /usr/libexec/gcc/x86_64-linux-gnu/13/liblto_plugin.so
configure:5975: checking the archiver (ar --plugin /usr/libexec/gcc/x86_64-linux-gnu/13/liblto_plugin.so) interface
configure:5991: gcc -c -g -O2      conftest.c >&5
configure:5991: $? = 0
configure:5993: ar --plugin /usr/libexec/gcc/x86_64-linux-gnu/13/liblto_plugin.so cru libconftest.a conftest.o >&5
ar: `u' modifier ignored since `D' is the default (see `U')
configure:5996: $? = 0
configure:6024: result: ar
configure:6049: checking for bison
configure:6076: result: bison
configure:6095: checking for bison 3.0.4 or newer
configure:6107: result: 3.8.2, ok
configure:6193: checking how to print strings
configure:6220: result: printf
configure:6241: checking for a sed that does not truncate output
configure:6305: result: /usr/bin/sed
configure:6323: checking for fgrep
configure:6385: result: /usr/bin/grep -F
configure:6420: checking for ld used by gcc
configure:6487: result: ld
configure:6494: checking if the linker (ld) is GNU ld
configure:6509: result: yes
configure:6521: checking for BSD- or MS-compatible name lister (nm)
configure:6577: result: /usr/bin/nm -B
configure:6707: checking the name lister (/usr/bin/nm -B) interface
configure:6714: gcc -c -g -O2      conftest.c >&5
configure:6717: /usr/bin/nm -B "conftest.o"
configure:6720: output
0000000000000000 B some_variable
configure:6727: result: BSD nm
configure:6730: checking whether ln -s works
configure:6734: result: yes
configure:6742: checking the maximum length of command line arguments
configure:6867: result: 1572864
configure:6884: checking whether the shell understands some XSI constructs
configure:6894: result: yes
configure:6898: checking whether the shell understands "+="
configure:6904: result: yes
configure:6939: checking for ld option to reload object files
configure:6946: result: -r
configure:6975: checking for x86_64-pc-linux-gnu-objdump
configure:7002: result: objdump
configure:7074: checking how to recognize dependent libraries
configure:7280: result: pass_all
configure:7313: checking for x86_64-pc-linux-gnu-ar
configure:7340: result: ar --plugin /usr/libexec/gcc/x86_64-linux-gnu/13/liblto_plugin.so
configure:7431: checking for x86_64-pc-linux-gnu-strip
configure:7461: result: no
configure:7471: checking for strip
configure:7487: found /usr/bin/strip
configure:7498: result: strip
configure:7530: checking for x86_64-pc-linux-gnu-ranlib
configure:7557: result: ranlib --plugin /usr/libexec/gcc/x86_64-linux-gnu/13/liblto_plugin.so
configure:7704: checking command to parse /usr/bin/nm -B output from gcc object
configure:7822: gcc -c -g -O2      conftest.c >&5
configure:7825: $? = 0
configure:7829: /usr/bin/nm -B conftest.o \| sed -n -e 's/^.*[ ]\([ABCDGIRSTW][ABCDGIRSTW]*\)[ ][ ]*\([_A-Za-z][_A-Za-z0-9]*\)$/\1 \2 \2/p' \> conftest.nm
configure:7832: $? = 0
configure:7886: gcc -o conftest -g -O2        conftest.c conftstm.o >&5
configure:7889: $? = 0
configure:7927: result: ok
configure:8022: gcc -c -g -O2      conftest.c >&5
configure:8025: $? = 0
configure:8777: checking for dlfcn.h
configure:8777: gcc -c -g -O2      conftest.c >&5
configure:8777: $? = 0
configure:8777: result: yes
configure:8935: checking for objdir
configure:8950: result: .libs
configure:9221: checking if gcc supports -fno-rtti -fno-exceptions
configure:9239: gcc -c -g -O2      -fno-rtti -fno-exceptions conftest.c >&5
cc1: warning: command-line option '-fno-rtti' is valid for C++/D/ObjC++ but not for C
configure:9243: $? = 0
configure:9256: result: no
configure:9276: checking for gcc option to produce PIC
configure:9562: result: -fPIC -DPIC
configure:9574: checking if gcc PIC flag -fPIC -DPIC works
configure:9592: gcc -c -g -O2      -fPIC -DPIC -DPIC conftest.c >&5
configure:9596: $? = 0
configure:9609: result: yes
configure:9633: checking if gcc static flag -static works
configure:9661: result: yes
configure:9676: checking if gcc supports -c -o file.o
configure:9697: gcc -c -g -O2      -o out/conftest2.o conftest.c >&5
configure:9701: $? = 0
configure:9723: result: yes
configure:9731: checking if gcc supports -c -o file.o
configure:9778: result: yes
configure:9811: checking whether the gcc linker (ld -m elf_x86_64) supports shared libraries
configure:10882: result: yes
configure:11127: checking dynamic linker characteristics
configure:11573: gcc -o conftest -g -O2        -Wl,-rpath -Wl,/foo conftest.c  >&5
configure:11573: $? = 0
configure:11814: result: GNU/Linux ld.so
configure:11921: checking how to hardcode library paths into programs
configure:11946: result: immediate
configure:12486: checking whether stripping libraries is possible
configure:12491: result: yes
configure:12526: checking if libtool supports shared libraries
configure:12528: result: yes
configure:12531: checking whether to build shared libraries
configure:12552: result: no
configure:12555: checking whether to build static libraries
configure:12559: result: yes
configure:12582: checking how to run the C++ preprocessor
configure:12609: g++ -E  conftest.cpp
configure:12609: $? = 0
configure:12623: g++ -E  conftest.cpp
conftest.cpp:28:10: fatal error: ac_nonexistent.h: No such file or directory
   28 | #include <ac_nonexistent.h>
      |          ^~~~~~~~~~~~~~~~~~
compilation terminated.
configure:12623: $? = 1
configure: failed program was:
| /* confdefs.h */
| #define PACKAGE_NAME "gprofng"
| #define PACKAGE_TARNAME "gprofng"
| #define PACKAGE_VERSION "2.42"
| #define PACKAGE_STRING "gprofng 2.42"
| #define PACKAGE_BUGREPORT ""
| #define PACKAGE_URL ""
| #define PACKAGE "gprofng"
| #define VERSION "2.42"
| #define STDC_HEADERS 1
| #define HAVE_SYS_TYPES_H 1
| #define HAVE_SYS_STAT_H 1
| #define HAVE_STDLIB_H 1
| #define HAVE_STRING_H 1
| #define HAVE_MEMORY_H 1
| #define HAVE_STRINGS_H 1
| #define HAVE_INTTYPES_H 1
| #define HAVE_STDINT_H 1
| #define HAVE_UNISTD_H 1
| #define __EXTENSIONS__ 1
| #define _ALL_SOURCE 1
| #define _GNU_SOURCE 1
| #define _POSIX_PTHREAD_SEMANTICS 1
| #define _TANDEM_SOURCE 1
| #define HAVE_DLFCN_H 1
| #define LT_OBJDIR ".libs/"
| /* end confdefs.h.  */
| #include <ac_nonexistent.h>
configure:12648: result: g++ -E
configure:12668: g++ -E  conftest.cpp
configure:12668: $? = 0
configure:12682: g++ -E  conftest.cpp
conftest.cpp:28:10: fatal error: ac_nonexistent.h: No such file or directory
   28 | #include <ac_nonexistent.h>
      |          ^~~~~~~~~~~~~~~~~~
compilation terminated.
configure:12682: $? = 1
configure: failed program was:
| /* confdefs.h */
| #define PACKAGE_NAME "gprofng"
| #define PACKAGE_TARNAME "gprofng"
| #define PACKAGE_VERSION "2.42"
| #define PACKAGE_STRING "gprofng 2.42"
| #define PACKAGE_BUGREPORT ""
| #define PACKAGE_URL ""
| #define PACKAGE "gprofng"
| #define VERSION "2.42"
| #define STDC_HEADERS 1
| #define HAVE_SYS_TYPES_H 1
| #define HAVE_SYS_STAT_H 1
| #define HAVE_STDLIB_H 1
| #define HAVE_STRING_H 1
| #define HAVE_MEMORY_H 1
| #define HAVE_STRINGS_H 1
| #define HAVE_INTTYPES_H 1
| #define HAVE_STDINT_H 1
| #define HAVE_UNISTD_H 1
| #define __EXTENSIONS__ 1
| #define _ALL_SOURCE 1
| #define _GNU_SOURCE 1
| #define _POSIX_PTHREAD_SEMANTICS 1
| #define _TANDEM_SOURCE 1
| #define HAVE_DLFCN_H 1
| #define LT_OBJDIR ".libs/"
| /* end confdefs.h.  */
| #include <ac_nonexistent.h>
configure:12850: checking for ld used by g++
configure:12917: result: ld -m elf_x86_64
configure:12924: checking if the linker (ld -m elf_x86_64) is GNU ld
configure:12939: result: yes
configure:12994: checking whether the g++ linker (ld -m elf_x86_64) supports shared libraries
configure:13927: result: yes
configure:13955: g++ -c -g -O2      conftest.cpp >&5
configure:13958: $? = 0
configure:14140: checking for g++ option to produce PIC
configure:14463: result: -fPIC -DPIC
configure:14472: checking if g++ PIC flag -fPIC -DPIC works
configure:14490: g++ -c -g -O2      -fPIC -DPIC -DPIC conftest.cpp >&5
configure:14494: $? = 0
configure:14507: result: yes
configure:14528: checking if g++ static flag -static works
configure:14556: result: yes
configure:14568: checking if g++ supports -c -o file.o
configure:14589: g++ -c -g -O2      -o out/conftest2.o conftest.cpp >&5
configure:14593: $? = 0
configure:14615: result: yes
configure:14620: checking if g++ supports -c -o file.o
configure:14667: result: yes
configure:14697: checking whether the g++ linker (ld -m elf_x86_64) supports shared libraries
configure:14725: result: yes
configure:14868: checking dynamic linker characteristics
configure:15489: result: GNU/Linux ld.so
configure:15542: checking how to hardcode library paths into programs
configure:15567: result: immediate
configure:15677: checking whether gcc supports -Wall
configure:15694: gcc -c -Wall  conftest.c >&5
configure:15694: $? = 0
configure:15703: result: yes
configure:15734: checking whether gcc supports -Wswitch
configure:15751: gcc -c -Wswitch  conftest.c >&5
configure:15751: $? = 0
configure:15760: result: yes
configure:16004: checking whether gcc is Clang
configure:16029: result: no
configure:16152: checking whether pthreads work with -pthread
configure:16246: gcc -o conftest -g -O2     -pthread    conftest.c   >&5
configure:16246: $? = 0
configure:16255: result: yes
configure:16274: checking for joinable pthread attribute
configure:16292: gcc -o conftest -g -O2     -pthread    conftest.c   >&5
configure:16292: $? = 0
configure:16300: result: PTHREAD_CREATE_JOINABLE
configure:16314: checking whether more special flags are required for pthreads
configure:16327: result: no
configure:16335: checking for PTHREAD_PRIO_INHERIT
configure:16351: gcc -o conftest -g -O2     -pthread    conftest.c   >&5
configure:16351: $? = 0
configure:16360: result: yes
configure:16479: checking for javac
configure:16497: found /usr/bin/javac
configure:16510: result: /usr/bin/javac
configure:16616: /usr/bin/javac Simple.java >&5 2>&5
configure:16619: $? = 0
configure:16679: checking linker --as-needed support
configure:16690: result: yes
configure:16700: checking for expect
configure:16733: result: no
configure:16738: checking for Tcl supporting try/catch
configure:16749: result: no
configure:16790: checking for makeinfo
configure:16817: result: /home/j/Dokumente/GitHub/FreetimeOS/lfs/binutils-2.42/missing makeinfo --split-size=5000000
configure:16831: WARNING: gprofng: makeinfo is missing. Info documentation will not be built.
configure:16873: checking whether basename is declared
configure:16873: gcc -c -g -O2      conftest.c >&5
configure:16873: $? = 0
configure:16873: result: yes
configure:16887: checking for clock_gettime
configure:16887: gcc -o conftest -g -O2        conftest.c  >&5
configure:16887: $? = 0
configure:16887: result: yes
configure:16887: checking for strsignal
configure:16887: gcc -o conftest -g -O2        conftest.c  >&5
configure:16887: $? = 0
configure:16887: result: yes
configure:17013: updating cache ./config.cache
configure:17057: checking that generated files are newer than configure
configure:17063: result: done
configure:17118: creating ./config.status

## ---------------------- ##
## Running config.status. ##
## ---------------------- ##

This file was extended by gprofng config.status 2.42, which was
generated by GNU Autoconf 2.69.  Invocation command line was

  CONFIG_FILES    = 
  CONFIG_HEADERS  = 
  CONFIG_LINKS    = 
  CONFIG_COMMANDS = 
  $ ./config.status 

on jamie-hp-elitebook-2570p

config.status:1186: creating Makefile
config.status:1186: creating src/Makefile
config.status:1186: creating gp-display-html/Makefile
config.status:1186: creating doc/Makefile
config.status:1186: creating config.h
config.status:1400: executing depfiles commands
config.status:1400: executing libtool commands
configure:19674: === configuring in libcollector (/home/j/Dokumente/GitHub/FreetimeOS/lfs/build-binutils/gprofng/libcollector)
configure:19737: running /bin/bash ../../../binutils-2.42/gprofng/libcollector/configure --disable-option-checking '--prefix=/home/j/Dokumente/GitHub/FreetimeOS/lfs/tools'  '--with-gnu-as' '--with-gnu-ld' '--disable-nls' '--disable-werror' '--program-transform-name=s&^&x86_64-lfs-linux-gnu-&' '--build=x86_64-pc-linux-gnu' '--host=x86_64-pc-linux-gnu' '--target=x86_64-lfs-linux-gnu' 'build_alias=x86_64-pc-linux-gnu' 'host_alias=x86_64-pc-linux-gnu' 'target_alias=x86_64-lfs-linux-gnu' 'CC=gcc' 'CFLAGS=-g -O2    ' 'LDFLAGS= ' 'CXX=g++' 'CXXFLAGS=-g -O2    ' --cache-file=.././config.cache --srcdir=../../../binutils-2.42/gprofng/libcollector

## ---------------- ##
## Cache variables. ##
## ---------------- ##

ac_cv_build=x86_64-pc-linux-gnu
ac_cv_c_compiler_gnu=yes
ac_cv_cxx_compiler_gnu=yes
ac_cv_env_CCC_set=
ac_cv_env_CCC_value=
ac_cv_env_CC_set=set
ac_cv_env_CC_value=gcc
ac_cv_env_CFLAGS_set=set
ac_cv_env_CFLAGS_value='-g -O2    '
ac_cv_env_CPPFLAGS_set=
ac_cv_env_CPPFLAGS_value=
ac_cv_env_CPP_set=
ac_cv_env_CPP_value=
ac_cv_env_CXXCPP_set=
ac_cv_env_CXXCPP_value=
ac_cv_env_CXXFLAGS_set=set
ac_cv_env_CXXFLAGS_value='-g -O2    '
ac_cv_env_CXX_set=set
ac_cv_env_CXX_value=g++
ac_cv_env_LDFLAGS_set=set
ac_cv_env_LDFLAGS_value=' '
ac_cv_env_LIBS_set=
ac_cv_env_LIBS_value=
ac_cv_env_build_alias_set=set
ac_cv_env_build_alias_value=x86_64-pc-linux-gnu
ac_cv_env_host_alias_set=set
ac_cv_env_host_alias_value=x86_64-pc-linux-gnu
ac_cv_env_target_alias_set=set
ac_cv_env_target_alias_value=x86_64-lfs-linux-gnu
ac_cv_func_clock_gettime=yes
ac_cv_func_strsignal=yes
ac_cv_have_decl_basename=yes
ac_cv_header_dlfcn_h=yes
ac_cv_header_inttypes_h=yes
ac_cv_header_memory_h=yes
ac_cv_header_minix_config_h=no
ac_cv_header_stdc=yes
ac_cv_header_stdint_h=yes
ac_cv_header_stdlib_h=yes
ac_cv_header_string_h=yes
ac_cv_header_strings_h=yes
ac_cv_header_sys_stat_h=yes
ac_cv_header_sys_types_h=yes
ac_cv_header_unistd_h=yes
ac_cv_host=x86_64-pc-linux-gnu
ac_cv_libctf_tcl_try=no
ac_cv_objext=o
ac_cv_path_EGREP='/usr/bin/grep -E'
ac_cv_path_FGREP='/usr/bin/grep -F'
ac_cv_path_GREP=/usr/bin/grep
ac_cv_path_JAVAC=/usr/bin/javac
ac_cv_path_SED=/usr/bin/sed
ac_cv_path_mkdir=/usr/bin/mkdir
ac_cv_prog_AR='ar --plugin /usr/libexec/gcc/x86_64-linux-gnu/13/liblto_plugin.so'
ac_cv_prog_AWK=gawk
ac_cv_prog_BISON=bison
ac_cv_prog_CC=gcc
ac_cv_prog_CPP='gcc -E'
ac_cv_prog_CXXCPP='g++ -E'
ac_cv_prog_MAKEINFO='/home/j/Dokumente/GitHub/FreetimeOS/lfs/binutils-2.42/missing makeinfo --split-size=5000000'
ac_cv_prog_OBJDUMP=objdump
ac_cv_prog_RANLIB='ranlib --plugin /usr/libexec/gcc/x86_64-linux-gnu/13/liblto_plugin.so'
ac_cv_prog_ac_ct_STRIP=strip
ac_cv_prog_cc_c89=
ac_cv_prog_cc_g=yes
ac_cv_prog_cxx_g=yes
ac_cv_prog_make_make_set=yes
ac_cv_safe_to_define___extensions__=yes
ac_cv_target=x86_64-lfs-linux-gnu
acx_cv_prog_cc_warning__Wall=yes
acx_cv_prog_cc_warning__Wswitch=yes
am_cv_CC_dependencies_compiler_type=gcc3
am_cv_CXX_dependencies_compiler_type=gcc3
am_cv_ar_interface=ar
am_cv_make_support_nested_variables=yes
am_cv_prog_cc_c_o=yes
ax_cv_PTHREAD_CLANG=no
ax_cv_PTHREAD_JOINABLE_ATTR=PTHREAD_CREATE_JOINABLE
ax_cv_PTHREAD_PRIO_INHERIT=yes
ax_cv_PTHREAD_SPECIAL_FLAGS=no
bfd_cv_ld_as_needed=yes
lt_cv_deplibs_check_method=pass_all
lt_cv_file_magic_cmd='$MAGIC_CMD'
lt_cv_file_magic_test_file=
lt_cv_ld_reload_flag=-r
lt_cv_nm_interface='BSD nm'
lt_cv_objdir=.libs
lt_cv_path_LD=ld
lt_cv_path_LDCXX='ld -m elf_x86_64'
lt_cv_path_NM='/usr/bin/nm -B'
lt_cv_prog_compiler_c_o=yes
lt_cv_prog_compiler_c_o_CXX=yes
lt_cv_prog_compiler_pic_works=yes
lt_cv_prog_compiler_pic_works_CXX=yes
lt_cv_prog_compiler_rtti_exceptions=no
lt_cv_prog_compiler_static_works=yes
lt_cv_prog_compiler_static_works_CXX=yes
lt_cv_prog_gnu_ld=yes
lt_cv_prog_gnu_ldcxx=yes
lt_cv_shlibpath_overrides_runpath=yes
lt_cv_sys_global_symbol_pipe='sed -n -e '\''s/^.*[	 ]\([ABCDGIRSTW][ABCDGIRSTW]*\)[	 ][	 ]*\([_A-Za-z][_A-Za-z0-9]*\)$/\1 \2 \2/p'\'''
lt_cv_sys_global_symbol_to_c_name_address='sed -n -e '\''s/^: \([^ ]*\) $/  {\"\1\", (void *) 0},/p'\'' -e '\''s/^[ABCDGIRSTW]* \([^ ]*\) \([^ ]*\)$/  {"\2", (void *) \&\2},/p'\'''
lt_cv_sys_global_symbol_to_c_name_address_lib_prefix='sed -n -e '\''s/^: \([^ ]*\) $/  {\"\1\", (void *) 0},/p'\'' -e '\''s/^[ABCDGIRSTW]* \([^ ]*\) \(lib[^ ]*\)$/  {"\2", (void *) \&\2},/p'\'' -e '\''s/^[ABCDGIRSTW]* \([^ ]*\) \([^ ]*\)$/  {"lib\2", (void *) \&\2},/p'\'''
lt_cv_sys_global_symbol_to_cdecl='sed -n -e '\''s/^T .* \(.*\)$/extern int \1();/p'\'' -e '\''s/^[ABCDGIRSTW]* .* \(.*\)$/extern char \1;/p'\'''
lt_cv_sys_max_cmd_len=1572864

## ----------------- ##
## Output variables. ##
## ----------------- ##

ACLOCAL='${SHELL} /home/j/Dokumente/GitHub/FreetimeOS/lfs/binutils-2.42/missing aclocal-1.15'
AMDEPBACKSLASH='\'
AMDEP_FALSE='#'
AMDEP_TRUE=''
AMTAR='$${TAR-tar}'
AM_BACKSLASH='\'
AM_DEFAULT_V='$(AM_DEFAULT_VERBOSITY)'
AM_DEFAULT_VERBOSITY='1'
AM_V='$(V)'
AR='ar --plugin /usr/libexec/gcc/x86_64-linux-gnu/13/liblto_plugin.so --plugin /usr/libexec/gcc/x86_64-linux-gnu/13/liblto_plugin.so'
AUTOCONF='${SHELL} /home/j/Dokumente/GitHub/FreetimeOS/lfs/binutils-2.42/missing autoconf'
AUTOHEADER='${SHELL} /home/j/Dokumente/GitHub/FreetimeOS/lfs/binutils-2.42/missing autoheader'
AUTOMAKE='${SHELL} /home/j/Dokumente/GitHub/FreetimeOS/lfs/binutils-2.42/missing automake-1.15'
AWK='gawk'
BISON='bison'
BUILD_COLLECTOR_FALSE='#'
BUILD_COLLECTOR_TRUE=''
BUILD_DOC_FALSE=''
BUILD_DOC_TRUE='#'
BUILD_MAN_FALSE=''
BUILD_MAN_TRUE='#'
BUILD_SRC_FALSE='#'
BUILD_SRC_TRUE=''
BUILD_SUBDIRS=''
CC='gcc'
CCDEPMODE='depmode=gcc3'
CFLAGS='-g -O2    '
CLOCK_GETTIME_LINK=''
CPP='gcc -E'
CPPFLAGS=''
CXX='g++'
CXXCPP='g++ -E'
CXXDEPMODE='depmode=gcc3'
CXXFLAGS='-g -O2    '
CYGPATH_W='echo'
DEFS='-DHAVE_CONFIG_H'
DEPDIR='.deps'
DSYMUTIL='dsymutil'
DUMPBIN=''
ECHO_C=''
ECHO_N='-n'
ECHO_T=''
EGREP='/usr/bin/grep -E'
EXEEXT=''
EXPECT=''
FGREP='/usr/bin/grep -F'
GPROFNG_BROKEN_JAVAC='no'
GPROFNG_CFLAGS='-Wall'
GPROFNG_CPPFLAGS='-U_ASM'
GPROFNG_LIBADD='-L../../libiberty -liberty'
GPROFNG_NO_FORMAT_TRUNCATION_CFLAGS=''
GPROFNG_NO_SWITCH_CFLAGS='-Wno-switch'
GREP='/usr/bin/grep'
INSTALL_DATA='/usr/bin/install -c -m 644'
INSTALL_PROGRAM='/usr/bin/install -c'
INSTALL_SCRIPT='/usr/bin/install -c'
INSTALL_STRIP_PROGRAM='$(install_sh) -c -s'
JAVA=''
JAVAC='/usr/bin/javac'
LD='ld -m elf_x86_64'
LDFLAGS=' '
LD_NO_AS_NEEDED='-Wl,--no-as-needed'
LIBOBJS=''
LIBS=''
LIBTOOL='$(SHELL) $(top_builddir)/libtool'
LIPO=''
LN_S='ln -s'
LTLIBOBJS=''
MAINT='#'
MAINTAINER_MODE_FALSE=''
MAINTAINER_MODE_TRUE='#'
MAKEINFO='/home/j/Dokumente/GitHub/FreetimeOS/lfs/binutils-2.42/missing makeinfo --split-size=5000000'
MKDIR_P='/usr/bin/mkdir -p'
NM='/usr/bin/nm -B'
NMEDIT=''
OBJDUMP='objdump'
OBJEXT='o'
OTOOL64=''
OTOOL='otool'
PACKAGE='gprofng'
PACKAGE_BUGREPORT=''
PACKAGE_NAME='gprofng'
PACKAGE_STRING='gprofng 2.42'
PACKAGE_TARNAME='gprofng'
PACKAGE_URL=''
PACKAGE_VERSION='2.42'
PATH_SEPARATOR=':'
PTHREAD_CC='gcc'
PTHREAD_CFLAGS='-pthread'
PTHREAD_LIBS=''
RANLIB='ranlib --plugin /usr/libexec/gcc/x86_64-linux-gnu/13/liblto_plugin.so --plugin /usr/libexec/gcc/x86_64-linux-gnu/13/liblto_plugin.so'
SED='/usr/bin/sed'
SET_MAKE=''
SHELL='/bin/bash'
STRIP='strip'
TCL_TRY_FALSE=''
TCL_TRY_TRUE='#'
VERSION='2.42'
WERROR=''
ac_ct_AR=''
ac_ct_CC=''
ac_ct_CXX=''
ac_ct_DUMPBIN=''
am__EXEEXT_FALSE=''
am__EXEEXT_TRUE='#'
am__fastdepCC_FALSE='#'
am__fastdepCC_TRUE=''
am__fastdepCXX_FALSE='#'
am__fastdepCXX_TRUE=''
am__include='include'
am__isrc=' -I$(srcdir)'
am__leading_dot='.'
am__nodep='_no'
am__quote=''
am__tar='$${TAR-tar} chof - "$$tardir"'
am__untar='$${TAR-tar} xf -'
ax_pthread_config=''
bindir='${exec_prefix}/bin'
build='x86_64-pc-linux-gnu'
build_alias='x86_64-pc-linux-gnu'
build_cpu='x86_64'
build_os='linux-gnu'
build_vendor='pc'
datadir='${datarootdir}'
datarootdir='${prefix}/share'
docdir='${datarootdir}/doc/${PACKAGE_TARNAME}'
dvidir='${docdir}'
exec_prefix='${prefix}'
gprofng_cflags='-Wall'
host='x86_64-pc-linux-gnu'
host_alias='x86_64-pc-linux-gnu'
host_cpu='x86_64'
host_os='linux-gnu'
host_vendor='pc'
htmldir='${docdir}'
includedir='${prefix}/include'
infodir='${datarootdir}/info'
install_sh='${SHELL} /home/j/Dokumente/GitHub/FreetimeOS/lfs/binutils-2.42/install-sh'
jdk_inc='-I/usr/lib/jvm/java-21-openjdk-amd64/include -I/usr/lib/jvm/java-21-openjdk-amd64/include/linux'
libdir='${exec_prefix}/lib'
libexecdir='${exec_prefix}/libexec'
localedir='${datarootdir}/locale'
localstatedir='${prefix}/var'
mandir='${datarootdir}/man'
mkdir_p='$(MKDIR_P)'
oldincludedir='/usr/include'
pdfdir='${docdir}'
prefix='/home/j/Dokumente/GitHub/FreetimeOS/lfs/tools'
program_transform_name='s&^&x86_64-lfs-linux-gnu-&'
psdir='${docdir}'
sbindir='${exec_prefix}/sbin'
sharedstatedir='${prefix}/com'
subdirs=' libcollector'
sysconfdir='${prefix}/etc'
target='x86_64-lfs-linux-gnu'
target_alias='x86_64-lfs-linux-gnu'
target_cpu='x86_64'
target_os='linux-gnu'
target_vendor='lfs'
zlibdir='-L$(top_builddir)/../zlib'
zlibinc='-I$(top_srcdir)/../zlib'

## ----------- ##
## confdefs.h. ##
## ----------- ##

/* confdefs.h */
#define PACKAGE_NAME "gprofng"
#define PACKAGE_TARNAME "gprofng"
#define PACKAGE_VERSION "2.42"
#define PACKAGE_STRING "gprofng 2.42"
#define PACKAGE_BUGREPORT ""
#define PACKAGE_URL ""
#define PACKAGE "gprofng"
#define VERSION "2.42"
#define STDC_HEADERS 1
#define HAVE_SYS_TYPES_H 1
#define HAVE_SYS_STAT_H 1
#define HAVE_STDLIB_H 1
#define HAVE_STRING_H 1
#define HAVE_MEMORY_H 1
#define HAVE_STRINGS_H 1
#define HAVE_INTTYPES_H 1
#define HAVE_STDINT_H 1
#define HAVE_UNISTD_H 1
#define __EXTENSIONS__ 1
#define _ALL_SOURCE 1
#define _GNU_SOURCE 1
#define _POSIX_PTHREAD_SEMANTICS 1
#define _TANDEM_SOURCE 1
#define HAVE_DLFCN_H 1
#define LT_OBJDIR ".libs/"
#define HAVE_PTHREAD_PRIO_INHERIT 1
#define HAVE_PTHREAD 1
#define GPROFNG_JAVA_PROFILING 1
#define HAVE_DECL_BASENAME 1
#define HAVE_CLOCK_GETTIME 1
#define HAVE_STRSIGNAL 1

configure: exit 0
